-------------------------------------------------------------------------------
Test set: com.haiyu.ManagerApplicationTests
-------------------------------------------------------------------------------
Tests run: 1, Failures: 0, Errors: 1, Skipped: 0, Time elapsed: 13.509 s <<< FAILURE! - in com.haiyu.ManagerApplicationTests
contextLoads(com.haiyu.ManagerApplicationTests)  Time elapsed: 0.004 s  <<< ERROR!
java.lang.IllegalStateException: Failed to load ApplicationContext
Caused by: org.springframework.beans.factory.UnsatisfiedDependencyException: Error creating bean with name 'shiroFilterFactoryBean' defined in class path resource [com/haiyu/manager/config/ShiroConfig.class]: Unsatisfied dependency expressed through method 'shiroFilterFactoryBean' parameter 0; nested exception is org.springframework.beans.factory.BeanCreationException: Error creating bean with name 'securityManager' defined in class path resource [com/haiyu/manager/config/ShiroConfig.class]: Bean instantiation via factory method failed; nested exception is org.springframework.beans.BeanInstantiationException: Failed to instantiate [org.apache.shiro.web.mgt.DefaultWebSecurityManager]: Factory method 'securityManager' threw exception; nested exception is org.springframework.beans.factory.UnsatisfiedDependencyException: Error creating bean with name 'shiroRealm': Unsatisfied dependency expressed through field 'userService'; nested exception is org.springframework.beans.factory.UnsatisfiedDependencyException: Error creating bean with name 'adminUserServiceImpl': Unsatisfied dependency expressed through field 'baseAdminUserMapper'; nested exception is org.springframework.beans.factory.UnsatisfiedDependencyException: Error creating bean with name 'baseAdminUserMapper' defined in file [F:\A-NB-IoT\springboot-layui-master\target\classes\com\haiyu\manager\dao\BaseAdminUserMapper.class]: Unsatisfied dependency expressed through bean property 'sqlSessionFactory'; nested exception is org.springframework.beans.factory.BeanCreationException: Error creating bean with name 'sqlSessionFactory' defined in class path resource [tk/mybatis/mapper/autoconfigure/MapperAutoConfiguration.class]: Bean instantiation via factory method failed; nested exception is org.springframework.beans.BeanInstantiationException: Failed to instantiate [org.apache.ibatis.session.SqlSessionFactory]: Factory method 'sqlSessionFactory' threw exception; nested exception is org.springframework.core.NestedIOException: Failed to parse mapping resource: 'file [F:\A-NB-IoT\springboot-layui-master\target\classes\mapper\BaseAdminUserMapper.xml]'; nested exception is org.apache.ibatis.builder.BuilderException: Error parsing Mapper XML. The XML location is 'file [F:\A-NB-IoT\springboot-layui-master\target\classes\mapper\BaseAdminUserMapper.xml]'. Cause: java.lang.IllegalArgumentException: Result Maps collection already contains value for com.haiyu.manager.dao.BaseAdminUserMapper.BaseResultMap
Caused by: org.springframework.beans.factory.BeanCreationException: Error creating bean with name 'securityManager' defined in class path resource [com/haiyu/manager/config/ShiroConfig.class]: Bean instantiation via factory method failed; nested exception is org.springframework.beans.BeanInstantiationException: Failed to instantiate [org.apache.shiro.web.mgt.DefaultWebSecurityManager]: Factory method 'securityManager' threw exception; nested exception is org.springframework.beans.factory.UnsatisfiedDependencyException: Error creating bean with name 'shiroRealm': Unsatisfied dependency expressed through field 'userService'; nested exception is org.springframework.beans.factory.UnsatisfiedDependencyException: Error creating bean with name 'adminUserServiceImpl': Unsatisfied dependency expressed through field 'baseAdminUserMapper'; nested exception is org.springframework.beans.factory.UnsatisfiedDependencyException: Error creating bean with name 'baseAdminUserMapper' defined in file [F:\A-NB-IoT\springboot-layui-master\target\classes\com\haiyu\manager\dao\BaseAdminUserMapper.class]: Unsatisfied dependency expressed through bean property 'sqlSessionFactory'; nested exception is org.springframework.beans.factory.BeanCreationException: Error creating bean with name 'sqlSessionFactory' defined in class path resource [tk/mybatis/mapper/autoconfigure/MapperAutoConfiguration.class]: Bean instantiation via factory method failed; nested exception is org.springframework.beans.BeanInstantiationException: Failed to instantiate [org.apache.ibatis.session.SqlSessionFactory]: Factory method 'sqlSessionFactory' threw exception; nested exception is org.springframework.core.NestedIOException: Failed to parse mapping resource: 'file [F:\A-NB-IoT\springboot-layui-master\target\classes\mapper\BaseAdminUserMapper.xml]'; nested exception is org.apache.ibatis.builder.BuilderException: Error parsing Mapper XML. The XML location is 'file [F:\A-NB-IoT\springboot-layui-master\target\classes\mapper\BaseAdminUserMapper.xml]'. Cause: java.lang.IllegalArgumentException: Result Maps collection already contains value for com.haiyu.manager.dao.BaseAdminUserMapper.BaseResultMap
Caused by: org.springframework.beans.BeanInstantiationException: Failed to instantiate [org.apache.shiro.web.mgt.DefaultWebSecurityManager]: Factory method 'securityManager' threw exception; nested exception is org.springframework.beans.factory.UnsatisfiedDependencyException: Error creating bean with name 'shiroRealm': Unsatisfied dependency expressed through field 'userService'; nested exception is org.springframework.beans.factory.UnsatisfiedDependencyException: Error creating bean with name 'adminUserServiceImpl': Unsatisfied dependency expressed through field 'baseAdminUserMapper'; nested exception is org.springframework.beans.factory.UnsatisfiedDependencyException: Error creating bean with name 'baseAdminUserMapper' defined in file [F:\A-NB-IoT\springboot-layui-master\target\classes\com\haiyu\manager\dao\BaseAdminUserMapper.class]: Unsatisfied dependency expressed through bean property 'sqlSessionFactory'; nested exception is org.springframework.beans.factory.BeanCreationException: Error creating bean with name 'sqlSessionFactory' defined in class path resource [tk/mybatis/mapper/autoconfigure/MapperAutoConfiguration.class]: Bean instantiation via factory method failed; nested exception is org.springframework.beans.BeanInstantiationException: Failed to instantiate [org.apache.ibatis.session.SqlSessionFactory]: Factory method 'sqlSessionFactory' threw exception; nested exception is org.springframework.core.NestedIOException: Failed to parse mapping resource: 'file [F:\A-NB-IoT\springboot-layui-master\target\classes\mapper\BaseAdminUserMapper.xml]'; nested exception is org.apache.ibatis.builder.BuilderException: Error parsing Mapper XML. The XML location is 'file [F:\A-NB-IoT\springboot-layui-master\target\classes\mapper\BaseAdminUserMapper.xml]'. Cause: java.lang.IllegalArgumentException: Result Maps collection already contains value for com.haiyu.manager.dao.BaseAdminUserMapper.BaseResultMap
Caused by: org.springframework.beans.factory.UnsatisfiedDependencyException: Error creating bean with name 'shiroRealm': Unsatisfied dependency expressed through field 'userService'; nested exception is org.springframework.beans.factory.UnsatisfiedDependencyException: Error creating bean with name 'adminUserServiceImpl': Unsatisfied dependency expressed through field 'baseAdminUserMapper'; nested exception is org.springframework.beans.factory.UnsatisfiedDependencyException: Error creating bean with name 'baseAdminUserMapper' defined in file [F:\A-NB-IoT\springboot-layui-master\target\classes\com\haiyu\manager\dao\BaseAdminUserMapper.class]: Unsatisfied dependency expressed through bean property 'sqlSessionFactory'; nested exception is org.springframework.beans.factory.BeanCreationException: Error creating bean with name 'sqlSessionFactory' defined in class path resource [tk/mybatis/mapper/autoconfigure/MapperAutoConfiguration.class]: Bean instantiation via factory method failed; nested exception is org.springframework.beans.BeanInstantiationException: Failed to instantiate [org.apache.ibatis.session.SqlSessionFactory]: Factory method 'sqlSessionFactory' threw exception; nested exception is org.springframework.core.NestedIOException: Failed to parse mapping resource: 'file [F:\A-NB-IoT\springboot-layui-master\target\classes\mapper\BaseAdminUserMapper.xml]'; nested exception is org.apache.ibatis.builder.BuilderException: Error parsing Mapper XML. The XML location is 'file [F:\A-NB-IoT\springboot-layui-master\target\classes\mapper\BaseAdminUserMapper.xml]'. Cause: java.lang.IllegalArgumentException: Result Maps collection already contains value for com.haiyu.manager.dao.BaseAdminUserMapper.BaseResultMap
Caused by: org.springframework.beans.factory.UnsatisfiedDependencyException: Error creating bean with name 'adminUserServiceImpl': Unsatisfied dependency expressed through field 'baseAdminUserMapper'; nested exception is org.springframework.beans.factory.UnsatisfiedDependencyException: Error creating bean with name 'baseAdminUserMapper' defined in file [F:\A-NB-IoT\springboot-layui-master\target\classes\com\haiyu\manager\dao\BaseAdminUserMapper.class]: Unsatisfied dependency expressed through bean property 'sqlSessionFactory'; nested exception is org.springframework.beans.factory.BeanCreationException: Error creating bean with name 'sqlSessionFactory' defined in class path resource [tk/mybatis/mapper/autoconfigure/MapperAutoConfiguration.class]: Bean instantiation via factory method failed; nested exception is org.springframework.beans.BeanInstantiationException: Failed to instantiate [org.apache.ibatis.session.SqlSessionFactory]: Factory method 'sqlSessionFactory' threw exception; nested exception is org.springframework.core.NestedIOException: Failed to parse mapping resource: 'file [F:\A-NB-IoT\springboot-layui-master\target\classes\mapper\BaseAdminUserMapper.xml]'; nested exception is org.apache.ibatis.builder.BuilderException: Error parsing Mapper XML. The XML location is 'file [F:\A-NB-IoT\springboot-layui-master\target\classes\mapper\BaseAdminUserMapper.xml]'. Cause: java.lang.IllegalArgumentException: Result Maps collection already contains value for com.haiyu.manager.dao.BaseAdminUserMapper.BaseResultMap
Caused by: org.springframework.beans.factory.UnsatisfiedDependencyException: Error creating bean with name 'baseAdminUserMapper' defined in file [F:\A-NB-IoT\springboot-layui-master\target\classes\com\haiyu\manager\dao\BaseAdminUserMapper.class]: Unsatisfied dependency expressed through bean property 'sqlSessionFactory'; nested exception is org.springframework.beans.factory.BeanCreationException: Error creating bean with name 'sqlSessionFactory' defined in class path resource [tk/mybatis/mapper/autoconfigure/MapperAutoConfiguration.class]: Bean instantiation via factory method failed; nested exception is org.springframework.beans.BeanInstantiationException: Failed to instantiate [org.apache.ibatis.session.SqlSessionFactory]: Factory method 'sqlSessionFactory' threw exception; nested exception is org.springframework.core.NestedIOException: Failed to parse mapping resource: 'file [F:\A-NB-IoT\springboot-layui-master\target\classes\mapper\BaseAdminUserMapper.xml]'; nested exception is org.apache.ibatis.builder.BuilderException: Error parsing Mapper XML. The XML location is 'file [F:\A-NB-IoT\springboot-layui-master\target\classes\mapper\BaseAdminUserMapper.xml]'. Cause: java.lang.IllegalArgumentException: Result Maps collection already contains value for com.haiyu.manager.dao.BaseAdminUserMapper.BaseResultMap
Caused by: org.springframework.beans.factory.BeanCreationException: Error creating bean with name 'sqlSessionFactory' defined in class path resource [tk/mybatis/mapper/autoconfigure/MapperAutoConfiguration.class]: Bean instantiation via factory method failed; nested exception is org.springframework.beans.BeanInstantiationException: Failed to instantiate [org.apache.ibatis.session.SqlSessionFactory]: Factory method 'sqlSessionFactory' threw exception; nested exception is org.springframework.core.NestedIOException: Failed to parse mapping resource: 'file [F:\A-NB-IoT\springboot-layui-master\target\classes\mapper\BaseAdminUserMapper.xml]'; nested exception is org.apache.ibatis.builder.BuilderException: Error parsing Mapper XML. The XML location is 'file [F:\A-NB-IoT\springboot-layui-master\target\classes\mapper\BaseAdminUserMapper.xml]'. Cause: java.lang.IllegalArgumentException: Result Maps collection already contains value for com.haiyu.manager.dao.BaseAdminUserMapper.BaseResultMap
Caused by: org.springframework.beans.BeanInstantiationException: Failed to instantiate [org.apache.ibatis.session.SqlSessionFactory]: Factory method 'sqlSessionFactory' threw exception; nested exception is org.springframework.core.NestedIOException: Failed to parse mapping resource: 'file [F:\A-NB-IoT\springboot-layui-master\target\classes\mapper\BaseAdminUserMapper.xml]'; nested exception is org.apache.ibatis.builder.BuilderException: Error parsing Mapper XML. The XML location is 'file [F:\A-NB-IoT\springboot-layui-master\target\classes\mapper\BaseAdminUserMapper.xml]'. Cause: java.lang.IllegalArgumentException: Result Maps collection already contains value for com.haiyu.manager.dao.BaseAdminUserMapper.BaseResultMap
Caused by: org.springframework.core.NestedIOException: Failed to parse mapping resource: 'file [F:\A-NB-IoT\springboot-layui-master\target\classes\mapper\BaseAdminUserMapper.xml]'; nested exception is org.apache.ibatis.builder.BuilderException: Error parsing Mapper XML. The XML location is 'file [F:\A-NB-IoT\springboot-layui-master\target\classes\mapper\BaseAdminUserMapper.xml]'. Cause: java.lang.IllegalArgumentException: Result Maps collection already contains value for com.haiyu.manager.dao.BaseAdminUserMapper.BaseResultMap
Caused by: org.apache.ibatis.builder.BuilderException: Error parsing Mapper XML. The XML location is 'file [F:\A-NB-IoT\springboot-layui-master\target\classes\mapper\BaseAdminUserMapper.xml]'. Cause: java.lang.IllegalArgumentException: Result Maps collection already contains value for com.haiyu.manager.dao.BaseAdminUserMapper.BaseResultMap
Caused by: java.lang.IllegalArgumentException: Result Maps collection already contains value for com.haiyu.manager.dao.BaseAdminUserMapper.BaseResultMap

